  Project11.1.1.cpp
C:\Users\trufe\GitRepos\Project11.1.1\Project11.1.1\Project11.1.1.cpp(16,16): error C2064: результатом вычисления фрагмента не является функция, принимающая 1 аргументов
C:\Users\trufe\GitRepos\Project11.1.1\Project11.1.1\Project11.1.1.cpp(57,20): error C2064: результатом вычисления фрагмента не является функция, принимающая 1 аргументов
